Analysis & Synthesis report for Final_Project
Wed May 04 15:39:52 2022
Quartus Prime Version 20.1.1 Build 720 11/11/2020 SJ Standard Edition


---------------------
; Table of Contents ;
---------------------
  1. Legal Notice
  2. Analysis & Synthesis Summary
  3. Analysis & Synthesis Settings
  4. Parallel Compilation
  5. Analysis & Synthesis Source Files Read
  6. Analysis & Synthesis Resource Usage Summary
  7. Analysis & Synthesis Resource Utilization by Entity
  8. General Register Statistics
  9. Inverted Register Statistics
 10. Parameter Settings for User Entity Instance: BUSMUX:inst3
 11. Post-Synthesis Netlist Statistics for Top Partition
 12. Elapsed Time Per Partition
 13. Analysis & Synthesis Messages



----------------
; Legal Notice ;
----------------
Copyright (C) 2020  Intel Corporation. All rights reserved.
Your use of Intel Corporation's design tools, logic functions 
and other software and tools, and any partner logic 
functions, and any output files from any of the foregoing 
(including device programming or simulation files), and any 
associated documentation or information are expressly subject 
to the terms and conditions of the Intel Program License 
Subscription Agreement, the Intel Quartus Prime License Agreement,
the Intel FPGA IP License Agreement, or other applicable license
agreement, including, without limitation, that your use is for
the sole purpose of programming logic devices manufactured by
Intel and sold by Intel or its authorized distributors.  Please
refer to the applicable agreement for further details, at
https://fpgasoftware.intel.com/eula.



+--------------------------------------------------------------------------------------+
; Analysis & Synthesis Summary                                                         ;
+------------------------------------+-------------------------------------------------+
; Analysis & Synthesis Status        ; Successful - Wed May 04 15:39:52 2022           ;
; Quartus Prime Version              ; 20.1.1 Build 720 11/11/2020 SJ Standard Edition ;
; Revision Name                      ; Final_Project                                   ;
; Top-level Entity Name              ; Final_Project                                   ;
; Family                             ; Cyclone IV E                                    ;
; Total logic elements               ; 114                                             ;
;     Total combinational functions  ; 102                                             ;
;     Dedicated logic registers      ; 20                                              ;
; Total registers                    ; 20                                              ;
; Total pins                         ; 39                                              ;
; Total virtual pins                 ; 0                                               ;
; Total memory bits                  ; 0                                               ;
; Embedded Multiplier 9-bit elements ; 0                                               ;
; Total PLLs                         ; 0                                               ;
+------------------------------------+-------------------------------------------------+


+------------------------------------------------------------------------------------------------------------+
; Analysis & Synthesis Settings                                                                              ;
+------------------------------------------------------------------+--------------------+--------------------+
; Option                                                           ; Setting            ; Default Value      ;
+------------------------------------------------------------------+--------------------+--------------------+
; Device                                                           ; EP4CE115F29C7      ;                    ;
; Top-level entity name                                            ; Final_Project      ; Final_Project      ;
; Family name                                                      ; Cyclone IV E       ; Cyclone V          ;
; Use smart compilation                                            ; Off                ; Off                ;
; Enable parallel Assembler and Timing Analyzer during compilation ; On                 ; On                 ;
; Enable compact report table                                      ; Off                ; Off                ;
; Restructure Multiplexers                                         ; Auto               ; Auto               ;
; Create Debugging Nodes for IP Cores                              ; Off                ; Off                ;
; Preserve fewer node names                                        ; On                 ; On                 ;
; Intel FPGA IP Evaluation Mode                                    ; Enable             ; Enable             ;
; Verilog Version                                                  ; Verilog_2001       ; Verilog_2001       ;
; VHDL Version                                                     ; VHDL_1993          ; VHDL_1993          ;
; State Machine Processing                                         ; Auto               ; Auto               ;
; Safe State Machine                                               ; Off                ; Off                ;
; Extract Verilog State Machines                                   ; On                 ; On                 ;
; Extract VHDL State Machines                                      ; On                 ; On                 ;
; Ignore Verilog initial constructs                                ; Off                ; Off                ;
; Iteration limit for constant Verilog loops                       ; 5000               ; 5000               ;
; Iteration limit for non-constant Verilog loops                   ; 250                ; 250                ;
; Add Pass-Through Logic to Inferred RAMs                          ; On                 ; On                 ;
; Infer RAMs from Raw Logic                                        ; On                 ; On                 ;
; Parallel Synthesis                                               ; On                 ; On                 ;
; DSP Block Balancing                                              ; Auto               ; Auto               ;
; NOT Gate Push-Back                                               ; On                 ; On                 ;
; Power-Up Don't Care                                              ; On                 ; On                 ;
; Remove Redundant Logic Cells                                     ; Off                ; Off                ;
; Remove Duplicate Registers                                       ; On                 ; On                 ;
; Ignore CARRY Buffers                                             ; Off                ; Off                ;
; Ignore CASCADE Buffers                                           ; Off                ; Off                ;
; Ignore GLOBAL Buffers                                            ; Off                ; Off                ;
; Ignore ROW GLOBAL Buffers                                        ; Off                ; Off                ;
; Ignore LCELL Buffers                                             ; Off                ; Off                ;
; Ignore SOFT Buffers                                              ; On                 ; On                 ;
; Limit AHDL Integers to 32 Bits                                   ; Off                ; Off                ;
; Optimization Technique                                           ; Balanced           ; Balanced           ;
; Carry Chain Length                                               ; 70                 ; 70                 ;
; Auto Carry Chains                                                ; On                 ; On                 ;
; Auto Open-Drain Pins                                             ; On                 ; On                 ;
; Perform WYSIWYG Primitive Resynthesis                            ; Off                ; Off                ;
; Auto ROM Replacement                                             ; On                 ; On                 ;
; Auto RAM Replacement                                             ; On                 ; On                 ;
; Auto DSP Block Replacement                                       ; On                 ; On                 ;
; Auto Shift Register Replacement                                  ; Auto               ; Auto               ;
; Allow Shift Register Merging across Hierarchies                  ; Auto               ; Auto               ;
; Auto Clock Enable Replacement                                    ; On                 ; On                 ;
; Strict RAM Replacement                                           ; Off                ; Off                ;
; Allow Synchronous Control Signals                                ; On                 ; On                 ;
; Force Use of Synchronous Clear Signals                           ; Off                ; Off                ;
; Auto RAM Block Balancing                                         ; On                 ; On                 ;
; Auto RAM to Logic Cell Conversion                                ; Off                ; Off                ;
; Auto Resource Sharing                                            ; Off                ; Off                ;
; Allow Any RAM Size For Recognition                               ; Off                ; Off                ;
; Allow Any ROM Size For Recognition                               ; Off                ; Off                ;
; Allow Any Shift Register Size For Recognition                    ; Off                ; Off                ;
; Use LogicLock Constraints during Resource Balancing              ; On                 ; On                 ;
; Ignore translate_off and synthesis_off directives                ; Off                ; Off                ;
; Timing-Driven Synthesis                                          ; On                 ; On                 ;
; Report Parameter Settings                                        ; On                 ; On                 ;
; Report Source Assignments                                        ; On                 ; On                 ;
; Report Connectivity Checks                                       ; On                 ; On                 ;
; Ignore Maximum Fan-Out Assignments                               ; Off                ; Off                ;
; Synchronization Register Chain Length                            ; 2                  ; 2                  ;
; Power Optimization During Synthesis                              ; Normal compilation ; Normal compilation ;
; HDL message level                                                ; Level2             ; Level2             ;
; Suppress Register Optimization Related Messages                  ; Off                ; Off                ;
; Number of Removed Registers Reported in Synthesis Report         ; 5000               ; 5000               ;
; Number of Swept Nodes Reported in Synthesis Report               ; 5000               ; 5000               ;
; Number of Inverted Registers Reported in Synthesis Report        ; 100                ; 100                ;
; Clock MUX Protection                                             ; On                 ; On                 ;
; Auto Gated Clock Conversion                                      ; Off                ; Off                ;
; Block Design Naming                                              ; Auto               ; Auto               ;
; SDC constraint protection                                        ; Off                ; Off                ;
; Synthesis Effort                                                 ; Auto               ; Auto               ;
; Shift Register Replacement - Allow Asynchronous Clear Signal     ; On                 ; On                 ;
; Pre-Mapping Resynthesis Optimization                             ; Off                ; Off                ;
; Analysis & Synthesis Message Level                               ; Medium             ; Medium             ;
; Disable Register Merging Across Hierarchies                      ; Auto               ; Auto               ;
; Resource Aware Inference For Block RAM                           ; On                 ; On                 ;
+------------------------------------------------------------------+--------------------+--------------------+


+------------------------------------------+
; Parallel Compilation                     ;
+----------------------------+-------------+
; Processors                 ; Number      ;
+----------------------------+-------------+
; Number detected on machine ; 8           ;
; Maximum allowed            ; 4           ;
;                            ;             ;
; Average used               ; 1.00        ;
; Maximum used               ; 4           ;
;                            ;             ;
; Usage by Processor         ; % Time Used ;
;     Processor 1            ; 100.0%      ;
;     Processors 2-4         ;   0.0%      ;
+----------------------------+-------------+


+----------------------------------------------------------------------------------------------------------------------------------------------------------------------------+
; Analysis & Synthesis Source Files Read                                                                                                                                     ;
+----------------------------------+-----------------+------------------------------------------+------------------------------------------------------------------+---------+
; File Name with User-Entered Path ; Used in Netlist ; File Type                                ; File Name with Absolute Path                                     ; Library ;
+----------------------------------+-----------------+------------------------------------------+------------------------------------------------------------------+---------+
; Final_Project.bdf                ; yes             ; User Block Diagram/Schematic File        ; U:/CPRE_281/Final_Project/Final_Project.bdf                      ;         ;
; state_machine.v                  ; yes             ; User Verilog HDL File                    ; U:/CPRE_281/Final_Project/state_machine.v                        ;         ;
; lab5step0.v                      ; yes             ; Auto-Found Verilog HDL File              ; U:/CPRE_281/Final_Project/lab5step0.v                            ;         ;
; reg_file.v                       ; yes             ; Auto-Found Verilog HDL File              ; U:/CPRE_281/Final_Project/reg_file.v                             ;         ;
; dffe4.v                          ; yes             ; Auto-Found Verilog HDL File              ; U:/CPRE_281/Final_Project/dffe4.v                                ;         ;
; mux4.v                           ; yes             ; Auto-Found Verilog HDL File              ; U:/CPRE_281/Final_Project/mux4.v                                 ;         ;
; demux4.v                         ; yes             ; Auto-Found Verilog HDL File              ; U:/CPRE_281/Final_Project/demux4.v                               ;         ;
; busmux.tdf                       ; yes             ; Megafunction                             ; c:/intelfpga/20.1/quartus/libraries/megafunctions/busmux.tdf     ;         ;
; lpm_mux.inc                      ; yes             ; Megafunction                             ; c:/intelfpga/20.1/quartus/libraries/megafunctions/lpm_mux.inc    ;         ;
; lpm_mux.tdf                      ; yes             ; Megafunction                             ; c:/intelfpga/20.1/quartus/libraries/megafunctions/lpm_mux.tdf    ;         ;
; aglobal201.inc                   ; yes             ; Megafunction                             ; c:/intelfpga/20.1/quartus/libraries/megafunctions/aglobal201.inc ;         ;
; muxlut.inc                       ; yes             ; Megafunction                             ; c:/intelfpga/20.1/quartus/libraries/megafunctions/muxlut.inc     ;         ;
; bypassff.inc                     ; yes             ; Megafunction                             ; c:/intelfpga/20.1/quartus/libraries/megafunctions/bypassff.inc   ;         ;
; altshift.inc                     ; yes             ; Megafunction                             ; c:/intelfpga/20.1/quartus/libraries/megafunctions/altshift.inc   ;         ;
; db/mux_arc.tdf                   ; yes             ; Auto-Generated Megafunction              ; U:/CPRE_281/Final_Project/db/mux_arc.tdf                         ;         ;
; add_sub.v                        ; yes             ; Auto-Found Verilog HDL File              ; U:/CPRE_281/Final_Project/add_sub.v                              ;         ;
; lab7.bdf                         ; yes             ; Auto-Found Block Diagram/Schematic File  ; U:/CPRE_281/Final_Project/lab7.bdf                               ;         ;
; fa.v                             ; yes             ; Auto-Found Verilog HDL File              ; U:/CPRE_281/Final_Project/fa.v                                   ;         ;
+----------------------------------+-----------------+------------------------------------------+------------------------------------------------------------------+---------+


+--------------------------------------------------------------------------+
; Analysis & Synthesis Resource Usage Summary                              ;
+---------------------------------------------+----------------------------+
; Resource                                    ; Usage                      ;
+---------------------------------------------+----------------------------+
; Estimated Total logic elements              ; 114                        ;
;                                             ;                            ;
; Total combinational functions               ; 102                        ;
; Logic element usage by number of LUT inputs ;                            ;
;     -- 4 input functions                    ; 70                         ;
;     -- 3 input functions                    ; 17                         ;
;     -- <=2 input functions                  ; 15                         ;
;                                             ;                            ;
; Logic elements by mode                      ;                            ;
;     -- normal mode                          ; 102                        ;
;     -- arithmetic mode                      ; 0                          ;
;                                             ;                            ;
; Total registers                             ; 20                         ;
;     -- Dedicated logic registers            ; 20                         ;
;     -- I/O registers                        ; 0                          ;
;                                             ;                            ;
; I/O pins                                    ; 39                         ;
;                                             ;                            ;
; Embedded Multiplier 9-bit elements          ; 0                          ;
;                                             ;                            ;
; Maximum fan-out node                        ; state_machine:inst|ctrl[2] ;
; Maximum fan-out                             ; 40                         ;
; Total fan-out                               ; 508                        ;
; Average fan-out                             ; 2.54                       ;
+---------------------------------------------+----------------------------+


+-----------------------------------------------------------------------------------------------------------------------------------------------------------------------------------------------------------------------------------------------------------------+
; Analysis & Synthesis Resource Utilization by Entity                                                                                                                                                                                                             ;
+-----------------------------------+---------------------+---------------------------+-------------+--------------+---------+-----------+------+--------------+-------------------------------------------------------------------+---------------+--------------+
; Compilation Hierarchy Node        ; Combinational ALUTs ; Dedicated Logic Registers ; Memory Bits ; DSP Elements ; DSP 9x9 ; DSP 18x18 ; Pins ; Virtual Pins ; Full Hierarchy Name                                               ; Entity Name   ; Library Name ;
+-----------------------------------+---------------------+---------------------------+-------------+--------------+---------+-----------+------+--------------+-------------------------------------------------------------------+---------------+--------------+
; |Final_Project                    ; 102 (0)             ; 20 (0)                    ; 0           ; 0            ; 0       ; 0         ; 39   ; 0            ; |Final_Project                                                    ; Final_Project ; work         ;
;    |add_sub:inst10|               ; 4 (0)               ; 0 (0)                     ; 0           ; 0            ; 0       ; 0         ; 0    ; 0            ; |Final_Project|add_sub:inst10                                     ; add_sub       ; work         ;
;       |lab7:b2v_inst|             ; 4 (0)               ; 0 (0)                     ; 0           ; 0            ; 0       ; 0         ; 0    ; 0            ; |Final_Project|add_sub:inst10|lab7:b2v_inst                       ; lab7          ; work         ;
;          |FA:inst1|               ; 1 (1)               ; 0 (0)                     ; 0           ; 0            ; 0       ; 0         ; 0    ; 0            ; |Final_Project|add_sub:inst10|lab7:b2v_inst|FA:inst1              ; FA            ; work         ;
;          |FA:inst2|               ; 2 (2)               ; 0 (0)                     ; 0           ; 0            ; 0       ; 0         ; 0    ; 0            ; |Final_Project|add_sub:inst10|lab7:b2v_inst|FA:inst2              ; FA            ; work         ;
;          |FA:inst3|               ; 1 (1)               ; 0 (0)                     ; 0           ; 0            ; 0       ; 0         ; 0    ; 0            ; |Final_Project|add_sub:inst10|lab7:b2v_inst|FA:inst3              ; FA            ; work         ;
;    |busmux:inst3|                 ; 8 (0)               ; 0 (0)                     ; 0           ; 0            ; 0       ; 0         ; 0    ; 0            ; |Final_Project|busmux:inst3                                       ; busmux        ; work         ;
;       |lpm_mux:$00000|            ; 8 (0)               ; 0 (0)                     ; 0           ; 0            ; 0       ; 0         ; 0    ; 0            ; |Final_Project|busmux:inst3|lpm_mux:$00000                        ; lpm_mux       ; work         ;
;          |mux_arc:auto_generated| ; 8 (8)               ; 0 (0)                     ; 0           ; 0            ; 0       ; 0         ; 0    ; 0            ; |Final_Project|busmux:inst3|lpm_mux:$00000|mux_arc:auto_generated ; mux_arc       ; work         ;
;    |lab5step0:inst5|              ; 14 (14)             ; 0 (0)                     ; 0           ; 0            ; 0       ; 0         ; 0    ; 0            ; |Final_Project|lab5step0:inst5                                    ; lab5step0     ; work         ;
;    |lab5step0:inst6|              ; 14 (14)             ; 0 (0)                     ; 0           ; 0            ; 0       ; 0         ; 0    ; 0            ; |Final_Project|lab5step0:inst6                                    ; lab5step0     ; work         ;
;    |lab5step0:inst7|              ; 14 (14)             ; 0 (0)                     ; 0           ; 0            ; 0       ; 0         ; 0    ; 0            ; |Final_Project|lab5step0:inst7                                    ; lab5step0     ; work         ;
;    |lab5step0:inst8|              ; 14 (14)             ; 0 (0)                     ; 0           ; 0            ; 0       ; 0         ; 0    ; 0            ; |Final_Project|lab5step0:inst8                                    ; lab5step0     ; work         ;
;    |reg_file:inst9|               ; 22 (0)              ; 16 (0)                    ; 0           ; 0            ; 0       ; 0         ; 0    ; 0            ; |Final_Project|reg_file:inst9                                     ; reg_file      ; work         ;
;       |demux4:b2v_inst6|          ; 6 (6)               ; 0 (0)                     ; 0           ; 0            ; 0       ; 0         ; 0    ; 0            ; |Final_Project|reg_file:inst9|demux4:b2v_inst6                    ; demux4        ; work         ;
;       |dffe4:b2v_inst3|           ; 0 (0)               ; 4 (4)                     ; 0           ; 0            ; 0       ; 0         ; 0    ; 0            ; |Final_Project|reg_file:inst9|dffe4:b2v_inst3                     ; dffe4         ; work         ;
;       |dffe4:b2v_inst4|           ; 0 (0)               ; 4 (4)                     ; 0           ; 0            ; 0       ; 0         ; 0    ; 0            ; |Final_Project|reg_file:inst9|dffe4:b2v_inst4                     ; dffe4         ; work         ;
;       |dffe4:b2v_inst5|           ; 0 (0)               ; 4 (4)                     ; 0           ; 0            ; 0       ; 0         ; 0    ; 0            ; |Final_Project|reg_file:inst9|dffe4:b2v_inst5                     ; dffe4         ; work         ;
;       |dffe4:b2v_inst|            ; 0 (0)               ; 4 (4)                     ; 0           ; 0            ; 0       ; 0         ; 0    ; 0            ; |Final_Project|reg_file:inst9|dffe4:b2v_inst                      ; dffe4         ; work         ;
;       |mux4:b2v_inst1|            ; 7 (7)               ; 0 (0)                     ; 0           ; 0            ; 0       ; 0         ; 0    ; 0            ; |Final_Project|reg_file:inst9|mux4:b2v_inst1                      ; mux4          ; work         ;
;       |mux4:b2v_inst2|            ; 9 (9)               ; 0 (0)                     ; 0           ; 0            ; 0       ; 0         ; 0    ; 0            ; |Final_Project|reg_file:inst9|mux4:b2v_inst2                      ; mux4          ; work         ;
;    |state_machine:inst|           ; 12 (12)             ; 4 (4)                     ; 0           ; 0            ; 0       ; 0         ; 0    ; 0            ; |Final_Project|state_machine:inst                                 ; state_machine ; work         ;
+-----------------------------------+---------------------+---------------------------+-------------+--------------+---------+-----------+------+--------------+-------------------------------------------------------------------+---------------+--------------+
Note: For table entries with two numbers listed, the numbers in parentheses indicate the number of resources of the given type used by the specific entity alone. The numbers listed outside of parentheses indicate the total resources of the given type used by the specific entity and all of its sub-entities in the hierarchy.


+------------------------------------------------------+
; General Register Statistics                          ;
+----------------------------------------------+-------+
; Statistic                                    ; Value ;
+----------------------------------------------+-------+
; Total registers                              ; 20    ;
; Number of registers using Synchronous Clear  ; 0     ;
; Number of registers using Synchronous Load   ; 0     ;
; Number of registers using Asynchronous Clear ; 20    ;
; Number of registers using Asynchronous Load  ; 0     ;
; Number of registers using Clock Enable       ; 19    ;
; Number of registers using Preset             ; 0     ;
+----------------------------------------------+-------+


+--------------------------------------------------+
; Inverted Register Statistics                     ;
+----------------------------------------+---------+
; Inverted Register                      ; Fan out ;
+----------------------------------------+---------+
; state_machine:inst|ex_delay            ; 1       ;
; Total number of inverted registers = 1 ;         ;
+----------------------------------------+---------+


+-----------------------------------------------------------+
; Parameter Settings for User Entity Instance: BUSMUX:inst3 ;
+----------------+-------+----------------------------------+
; Parameter Name ; Value ; Type                             ;
+----------------+-------+----------------------------------+
; WIDTH          ; 4     ; Untyped                          ;
+----------------+-------+----------------------------------+
Note: In order to hide this table in the UI and the text report file, please set the "Show Parameter Settings in Synthesis Report" option in "Analysis and Synthesis Settings -> More Settings" to "Off".


+-----------------------------------------------------+
; Post-Synthesis Netlist Statistics for Top Partition ;
+-----------------------+-----------------------------+
; Type                  ; Count                       ;
+-----------------------+-----------------------------+
; boundary_port         ; 39                          ;
; cycloneiii_ff         ; 20                          ;
;     CLR               ; 1                           ;
;     ENA CLR           ; 19                          ;
; cycloneiii_lcell_comb ; 102                         ;
;     normal            ; 102                         ;
;         1 data inputs ; 1                           ;
;         2 data inputs ; 14                          ;
;         3 data inputs ; 17                          ;
;         4 data inputs ; 70                          ;
;                       ;                             ;
; Max LUT depth         ; 6.00                        ;
; Average LUT depth     ; 3.17                        ;
+-----------------------+-----------------------------+


+-------------------------------+
; Elapsed Time Per Partition    ;
+----------------+--------------+
; Partition Name ; Elapsed Time ;
+----------------+--------------+
; Top            ; 00:00:00     ;
+----------------+--------------+


+-------------------------------+
; Analysis & Synthesis Messages ;
+-------------------------------+
Info: *******************************************************************
Info: Running Quartus Prime Analysis & Synthesis
    Info: Version 20.1.1 Build 720 11/11/2020 SJ Standard Edition
    Info: Processing started: Wed May 04 15:39:40 2022
Info: Command: quartus_map --read_settings_files=on --write_settings_files=off Final_Project -c Final_Project
Warning (18236): Number of processors has not been specified which may cause overloading on shared machines.  Set the global assignment NUM_PARALLEL_PROCESSORS in your QSF to an appropriate value for best performance.
Info (20030): Parallel compilation is enabled and will use 4 of the 4 processors detected
Info (12021): Found 1 design units, including 1 entities, in source file register_file.bdf
    Info (12023): Found entity 1: register_file
Info (12021): Found 1 design units, including 1 entities, in source file 2_to_4_decoder.bdf
    Info (12023): Found entity 1: 2_to_4_decoder
Info (12021): Found 1 design units, including 1 entities, in source file 4_to_1_mux.bdf
    Info (12023): Found entity 1: 4_to_1_mux
Warning (12019): Can't analyze file -- file output_files/register_file_4by1.bdf is missing
Info (12021): Found 1 design units, including 1 entities, in source file full_adder.bdf
    Info (12023): Found entity 1: full_adder
Info (12021): Found 1 design units, including 1 entities, in source file adder_subtractor.bdf
    Info (12023): Found entity 1: adder_subtractor
Info (12021): Found 1 design units, including 1 entities, in source file register_file_4by1.bdf
    Info (12023): Found entity 1: register_file_4by1
Info (12021): Found 1 design units, including 1 entities, in source file final_project.bdf
    Info (12023): Found entity 1: Final_Project
Info (12021): Found 1 design units, including 1 entities, in source file state_machine.v
    Info (12023): Found entity 1: state_machine File: U:/CPRE_281/Final_Project/state_machine.v Line: 1
Warning (10236): Verilog HDL Implicit Net warning at state_machine.v(43): created implicit net for "alu_op" File: U:/CPRE_281/Final_Project/state_machine.v Line: 43
Info (12127): Elaborating entity "Final_Project" for the top level hierarchy
Warning (12125): Using design file lab5step0.v, which is not specified as a design file for the current project, but contains definitions for 1 design units and 1 entities in project
    Info (12023): Found entity 1: lab5step0 File: U:/CPRE_281/Final_Project/lab5step0.v Line: 1
Info (12128): Elaborating entity "lab5step0" for hierarchy "lab5step0:inst5"
Warning (12125): Using design file reg_file.v, which is not specified as a design file for the current project, but contains definitions for 1 design units and 1 entities in project
    Info (12023): Found entity 1: reg_file File: U:/CPRE_281/Final_Project/reg_file.v Line: 20
Warning (12300): Found the following files while searching for definition of entity "reg_file", but did not use these files because already using a different file containing the entity definition
    Warning (12126): File: reg_file.bdf
Info (12128): Elaborating entity "reg_file" for hierarchy "reg_file:inst9"
Warning (12125): Using design file dffe4.v, which is not specified as a design file for the current project, but contains definitions for 1 design units and 1 entities in project
    Info (12023): Found entity 1: dffe4 File: U:/CPRE_281/Final_Project/dffe4.v Line: 20
Warning (12300): Found the following files while searching for definition of entity "dffe4", but did not use these files because already using a different file containing the entity definition
    Warning (12126): File: dffe4.bdf
Info (12128): Elaborating entity "dffe4" for hierarchy "reg_file:inst9|dffe4:b2v_inst" File: U:/CPRE_281/Final_Project/reg_file.v Line: 66
Warning (12125): Using design file mux4.v, which is not specified as a design file for the current project, but contains definitions for 1 design units and 1 entities in project
    Info (12023): Found entity 1: mux4 File: U:/CPRE_281/Final_Project/mux4.v Line: 1
Info (12128): Elaborating entity "mux4" for hierarchy "reg_file:inst9|mux4:b2v_inst1" File: U:/CPRE_281/Final_Project/reg_file.v Line: 75
Warning (12125): Using design file demux4.v, which is not specified as a design file for the current project, but contains definitions for 1 design units and 1 entities in project
    Info (12023): Found entity 1: demux4 File: U:/CPRE_281/Final_Project/demux4.v Line: 20
Warning (12300): Found the following files while searching for definition of entity "demux4", but did not use these files because already using a different file containing the entity definition
    Warning (12126): File: demux4.bdf
Info (12128): Elaborating entity "demux4" for hierarchy "reg_file:inst9|demux4:b2v_inst6" File: U:/CPRE_281/Final_Project/reg_file.v Line: 114
Info (12128): Elaborating entity "state_machine" for hierarchy "state_machine:inst"
Warning (10036): Verilog HDL or VHDL warning at state_machine.v(43): object "alu_op" assigned a value but never read File: U:/CPRE_281/Final_Project/state_machine.v Line: 43
Warning (10034): Output port "alu_output" at state_machine.v(32) has no driver File: U:/CPRE_281/Final_Project/state_machine.v Line: 32
Info (12128): Elaborating entity "BUSMUX" for hierarchy "BUSMUX:inst3"
Info (12130): Elaborated megafunction instantiation "BUSMUX:inst3"
Info (12133): Instantiated megafunction "BUSMUX:inst3" with the following parameter:
    Info (12134): Parameter "WIDTH" = "4"
Info (12128): Elaborating entity "lpm_mux" for hierarchy "BUSMUX:inst3|lpm_mux:$00000" File: c:/intelfpga/20.1/quartus/libraries/megafunctions/busmux.tdf Line: 44
Info (12131): Elaborated megafunction instantiation "BUSMUX:inst3|lpm_mux:$00000", which is child of megafunction instantiation "BUSMUX:inst3" File: c:/intelfpga/20.1/quartus/libraries/megafunctions/busmux.tdf Line: 44
Info (12021): Found 1 design units, including 1 entities, in source file db/mux_arc.tdf
    Info (12023): Found entity 1: mux_arc File: U:/CPRE_281/Final_Project/db/mux_arc.tdf Line: 23
Info (12128): Elaborating entity "mux_arc" for hierarchy "BUSMUX:inst3|lpm_mux:$00000|mux_arc:auto_generated" File: c:/intelfpga/20.1/quartus/libraries/megafunctions/lpm_mux.tdf Line: 87
Warning (12125): Using design file add_sub.v, which is not specified as a design file for the current project, but contains definitions for 1 design units and 1 entities in project
    Info (12023): Found entity 1: add_sub File: U:/CPRE_281/Final_Project/add_sub.v Line: 20
Warning (12300): Found the following files while searching for definition of entity "add_sub", but did not use these files because already using a different file containing the entity definition
    Warning (12126): File: add_sub.bdf
Info (12128): Elaborating entity "add_sub" for hierarchy "add_sub:inst10"
Warning (12125): Using design file lab7.bdf, which is not specified as a design file for the current project, but contains definitions for 1 design units and 1 entities in project
    Info (12023): Found entity 1: lab7
Info (12128): Elaborating entity "lab7" for hierarchy "add_sub:inst10|lab7:b2v_inst" File: U:/CPRE_281/Final_Project/add_sub.v Line: 79
Warning (12125): Using design file fa.v, which is not specified as a design file for the current project, but contains definitions for 1 design units and 1 entities in project
    Info (12023): Found entity 1: FA File: U:/CPRE_281/Final_Project/fa.v Line: 1
Info (12128): Elaborating entity "FA" for hierarchy "add_sub:inst10|lab7:b2v_inst|FA:inst1"
Info (13000): Registers with preset signals will power-up high File: U:/CPRE_281/Final_Project/state_machine.v Line: 41
Info (13003): DEV_CLRn pin will set, and not reset, register with preset signal due to NOT Gate Push-Back
Info (286030): Timing-Driven Synthesis is running
Info (16010): Generating hard_block partition "hard_block:auto_generated_inst"
    Info (16011): Adding 0 node(s), including 0 DDIO, 0 PLL, 0 transceiver and 0 LCELL
Info (21057): Implemented 157 device resources after synthesis - the final resource count might be different
    Info (21058): Implemented 9 input pins
    Info (21059): Implemented 30 output pins
    Info (21061): Implemented 118 logic cells
Info: Quartus Prime Analysis & Synthesis was successful. 0 errors, 21 warnings
    Info: Peak virtual memory: 4769 megabytes
    Info: Processing ended: Wed May 04 15:39:52 2022
    Info: Elapsed time: 00:00:12
    Info: Total CPU time (on all processors): 00:00:21


